<?xml version="1.0" encoding="UTF-8"?>
<testng-results ignored="0" total="5" passed="4" failed="0" skipped="1">
  <reporter-output>
  </reporter-output>
  <suite started-at="2024-03-03T23:19:13 EST" name="Suite" finished-at="2024-03-03T23:20:23 EST" duration-ms="70154">
    <groups>
      <group name="Smoke">
        <method signature="eCommerce_tc_2.fillForm(java.util.HashMap)[pri:0, instance:org.company.Android.eCommerce_tc_2@72cc7e6f]" name="fillForm" class="org.company.Android.eCommerce_tc_2"/>
      </group> <!-- Smoke -->
    </groups>
    <test started-at="2024-03-03T23:19:13 EST" name="Error Validation Test" finished-at="2024-03-03T23:19:43 EST" duration-ms="30263">
      <class name="org.company.Android.eCommerce_tc_3">
        <test-method is-config="true" signature="ConfigureAppium()[pri:0, instance:org.company.Android.eCommerce_tc_3@46cdf8bd]" started-at="2024-03-03T23:19:13 EST" name="ConfigureAppium" finished-at="2024-03-03T23:19:18 EST" duration-ms="4978" status="PASS">
          <reporter-output>
          </reporter-output>
        </test-method> <!-- ConfigureAppium -->
        <test-method signature="fillForm_ErrorValidation()[pri:0, instance:org.company.Android.eCommerce_tc_3@46cdf8bd]" started-at="2024-03-03T23:19:18 EST" name="fillForm_ErrorValidation" finished-at="2024-03-03T23:19:27 EST" duration-ms="9330" status="PASS">
          <reporter-output>
          </reporter-output>
        </test-method> <!-- fillForm_ErrorValidation -->
        <test-method signature="fillForm_PositiveFlow()[pri:0, instance:org.company.Android.eCommerce_tc_3@46cdf8bd]" started-at="2024-03-03T23:19:27 EST" name="fillForm_PositiveFlow" finished-at="2024-03-03T23:19:43 EST" duration-ms="15784" status="PASS">
          <reporter-output>
          </reporter-output>
        </test-method> <!-- fillForm_PositiveFlow -->
        <test-method is-config="true" signature="tearDown()[pri:0, instance:org.company.Android.eCommerce_tc_3@46cdf8bd]" started-at="2024-03-03T23:19:43 EST" name="tearDown" finished-at="2024-03-03T23:19:43 EST" duration-ms="156" status="PASS">
          <reporter-output>
          </reporter-output>
        </test-method> <!-- tearDown -->
      </class> <!-- org.company.Android.eCommerce_tc_3 -->
    </test> <!-- Error Validation Test -->
    <test started-at="2024-03-03T23:19:43 EST" name="End to end Framework test" finished-at="2024-03-03T23:20:23 EST" duration-ms="39691">
      <class name="org.company.Android.eCommerce_tc_2">
        <test-method is-config="true" signature="ConfigureAppium()[pri:0, instance:org.company.Android.eCommerce_tc_2@72cc7e6f]" started-at="2024-03-03T23:19:43 EST" name="ConfigureAppium" finished-at="2024-03-03T23:19:47 EST" duration-ms="3556" status="PASS">
          <reporter-output>
          </reporter-output>
        </test-method> <!-- ConfigureAppium -->
        <test-method is-config="true" signature="preSetup()[pri:0, instance:org.company.Android.eCommerce_tc_2@72cc7e6f]" started-at="2024-03-03T23:19:47 EST" name="preSetup" finished-at="2024-03-03T23:19:47 EST" duration-ms="500" status="PASS">
          <reporter-output>
          </reporter-output>
        </test-method> <!-- preSetup -->
        <test-method signature="fillForm(java.util.HashMap)[pri:0, instance:org.company.Android.eCommerce_tc_2@72cc7e6f]" started-at="2024-03-03T23:19:47 EST" name="fillForm" data-provider="getData" finished-at="2024-03-03T23:20:04 EST" duration-ms="16054" status="PASS">
          <params>
            <param index="0">
              <value>
                <![CDATA[{name=Alicia Oleinik, country=Angola, gender=male}]]>
              </value>
            </param>
          </params>
          <reporter-output>
          </reporter-output>
        </test-method> <!-- fillForm -->
        <test-method is-config="true" signature="preSetup()[pri:0, instance:org.company.Android.eCommerce_tc_2@72cc7e6f]" started-at="2024-03-03T23:20:04 EST" name="preSetup" finished-at="2024-03-03T23:20:04 EST" duration-ms="467" status="PASS">
          <reporter-output>
          </reporter-output>
        </test-method> <!-- preSetup -->
        <test-method signature="fillForm(java.util.HashMap)[pri:0, instance:org.company.Android.eCommerce_tc_2@72cc7e6f]" started-at="2024-03-03T23:20:04 EST" name="fillForm" data-provider="getData" finished-at="2024-03-03T23:20:23 EST" duration-ms="18896" status="PASS">
          <params>
            <param index="0">
              <value>
                <![CDATA[{name=li Oleinik, country=Argentina, gender=female}]]>
              </value>
            </param>
          </params>
          <reporter-output>
          </reporter-output>
        </test-method> <!-- fillForm -->
        <test-method is-config="true" signature="tearDown()[pri:0, instance:org.company.Android.eCommerce_tc_2@72cc7e6f]" started-at="2024-03-03T23:20:23 EST" name="tearDown" finished-at="2024-03-03T23:20:23 EST" duration-ms="122" status="PASS">
          <reporter-output>
          </reporter-output>
        </test-method> <!-- tearDown -->
      </class> <!-- org.company.Android.eCommerce_tc_2 -->
    </test> <!-- End to end Framework test -->
    <test started-at="2024-03-03T23:20:23 EST" name="IOS Test" finished-at="2024-03-03T23:20:23 EST" duration-ms="5">
      <class name="org.company.IOS.IOSBasics">
        <test-method is-config="true" signature="ConfigureAppium()[pri:0, instance:org.company.IOS.IOSBasics@48075da3]" started-at="2024-03-03T23:20:23 EST" name="ConfigureAppium" finished-at="2024-03-03T23:20:23 EST" duration-ms="0" status="FAIL">
          <exception class="java.lang.NumberFormatException">
            <message>
              <![CDATA[For input string: "port"]]>
            </message>
            <full-stacktrace>
              <![CDATA[java.lang.NumberFormatException: For input string: "port"
at java.base/java.lang.NumberFormatException.forInputString(NumberFormatException.java:67)
at java.base/java.lang.Integer.parseInt(Integer.java:668)
at java.base/java.lang.Integer.parseInt(Integer.java:786)
at org.company.testUtils.IOSBaseTest.ConfigureAppium(IOSBaseTest.java:47)
at java.base/jdk.internal.reflect.NativeMethodAccessorImpl.invoke0(Native Method)
at java.base/jdk.internal.reflect.NativeMethodAccessorImpl.invoke(NativeMethodAccessorImpl.java:77)
at java.base/jdk.internal.reflect.DelegatingMethodAccessorImpl.invoke(DelegatingMethodAccessorImpl.java:43)
at java.base/java.lang.reflect.Method.invoke(Method.java:568)
at org.testng.internal.invokers.MethodInvocationHelper.invokeMethod(MethodInvocationHelper.java:139)
at org.testng.internal.invokers.MethodInvocationHelper.invokeMethodConsideringTimeout(MethodInvocationHelper.java:69)
at org.testng.internal.invokers.ConfigInvoker.invokeConfigurationMethod(ConfigInvoker.java:390)
at org.testng.internal.invokers.ConfigInvoker.invokeConfigurations(ConfigInvoker.java:325)
at org.testng.internal.invokers.TestMethodWorker.invokeBeforeClassMethods(TestMethodWorker.java:180)
at org.testng.internal.invokers.TestMethodWorker.run(TestMethodWorker.java:122)
at java.base/java.util.ArrayList.forEach(ArrayList.java:1511)
at org.testng.TestRunner.privateRun(TestRunner.java:848)
at org.testng.TestRunner.run(TestRunner.java:621)
at org.testng.SuiteRunner.runTest(SuiteRunner.java:443)
at org.testng.SuiteRunner.runSequentially(SuiteRunner.java:437)
at org.testng.SuiteRunner.privateRun(SuiteRunner.java:397)
at org.testng.SuiteRunner.run(SuiteRunner.java:336)
at org.testng.SuiteRunnerWorker.runSuite(SuiteRunnerWorker.java:52)
at org.testng.SuiteRunnerWorker.run(SuiteRunnerWorker.java:95)
at org.testng.TestNG.runSuitesSequentially(TestNG.java:1280)
at org.testng.TestNG.runSuitesLocally(TestNG.java:1200)
at org.testng.TestNG.runSuites(TestNG.java:1114)
at org.testng.TestNG.run(TestNG.java:1082)
at org.apache.maven.surefire.testng.TestNGExecutor.run(TestNGExecutor.java:308)
at org.apache.maven.surefire.testng.TestNGXmlTestSuite.execute(TestNGXmlTestSuite.java:71)
at org.apache.maven.surefire.testng.TestNGProvider.invoke(TestNGProvider.java:113)
at org.apache.maven.surefire.booter.ForkedBooter.runSuitesInProcess(ForkedBooter.java:385)
at org.apache.maven.surefire.booter.ForkedBooter.execute(ForkedBooter.java:162)
at org.apache.maven.surefire.booter.ForkedBooter.run(ForkedBooter.java:507)
at org.apache.maven.surefire.booter.ForkedBooter.main(ForkedBooter.java:495)
]]>
            </full-stacktrace>
          </exception> <!-- java.lang.NumberFormatException -->
          <reporter-output>
          </reporter-output>
        </test-method> <!-- ConfigureAppium -->
        <test-method signature="iOSBasicsTest()[pri:0, instance:org.company.IOS.IOSBasics@48075da3]" started-at="2024-03-03T23:20:23 EST" name="iOSBasicsTest" finished-at="2024-03-03T23:20:23 EST" duration-ms="0" status="SKIP">
          <exception class="java.lang.NumberFormatException">
            <message>
              <![CDATA[For input string: "port"]]>
            </message>
            <full-stacktrace>
              <![CDATA[java.lang.NumberFormatException: For input string: "port"
at java.base/java.lang.NumberFormatException.forInputString(NumberFormatException.java:67)
at java.base/java.lang.Integer.parseInt(Integer.java:668)
at java.base/java.lang.Integer.parseInt(Integer.java:786)
at org.company.testUtils.IOSBaseTest.ConfigureAppium(IOSBaseTest.java:47)
at java.base/jdk.internal.reflect.NativeMethodAccessorImpl.invoke0(Native Method)
at java.base/jdk.internal.reflect.NativeMethodAccessorImpl.invoke(NativeMethodAccessorImpl.java:77)
at java.base/jdk.internal.reflect.DelegatingMethodAccessorImpl.invoke(DelegatingMethodAccessorImpl.java:43)
at java.base/java.lang.reflect.Method.invoke(Method.java:568)
at org.testng.internal.invokers.MethodInvocationHelper.invokeMethod(MethodInvocationHelper.java:139)
at org.testng.internal.invokers.MethodInvocationHelper.invokeMethodConsideringTimeout(MethodInvocationHelper.java:69)
at org.testng.internal.invokers.ConfigInvoker.invokeConfigurationMethod(ConfigInvoker.java:390)
at org.testng.internal.invokers.ConfigInvoker.invokeConfigurations(ConfigInvoker.java:325)
at org.testng.internal.invokers.TestMethodWorker.invokeBeforeClassMethods(TestMethodWorker.java:180)
at org.testng.internal.invokers.TestMethodWorker.run(TestMethodWorker.java:122)
at java.base/java.util.ArrayList.forEach(ArrayList.java:1511)
at org.testng.TestRunner.privateRun(TestRunner.java:848)
at org.testng.TestRunner.run(TestRunner.java:621)
at org.testng.SuiteRunner.runTest(SuiteRunner.java:443)
at org.testng.SuiteRunner.runSequentially(SuiteRunner.java:437)
at org.testng.SuiteRunner.privateRun(SuiteRunner.java:397)
at org.testng.SuiteRunner.run(SuiteRunner.java:336)
at org.testng.SuiteRunnerWorker.runSuite(SuiteRunnerWorker.java:52)
at org.testng.SuiteRunnerWorker.run(SuiteRunnerWorker.java:95)
at org.testng.TestNG.runSuitesSequentially(TestNG.java:1280)
at org.testng.TestNG.runSuitesLocally(TestNG.java:1200)
at org.testng.TestNG.runSuites(TestNG.java:1114)
at org.testng.TestNG.run(TestNG.java:1082)
at org.apache.maven.surefire.testng.TestNGExecutor.run(TestNGExecutor.java:308)
at org.apache.maven.surefire.testng.TestNGXmlTestSuite.execute(TestNGXmlTestSuite.java:71)
at org.apache.maven.surefire.testng.TestNGProvider.invoke(TestNGProvider.java:113)
at org.apache.maven.surefire.booter.ForkedBooter.runSuitesInProcess(ForkedBooter.java:385)
at org.apache.maven.surefire.booter.ForkedBooter.execute(ForkedBooter.java:162)
at org.apache.maven.surefire.booter.ForkedBooter.run(ForkedBooter.java:507)
at org.apache.maven.surefire.booter.ForkedBooter.main(ForkedBooter.java:495)
]]>
            </full-stacktrace>
          </exception> <!-- java.lang.NumberFormatException -->
          <reporter-output>
          </reporter-output>
        </test-method> <!-- iOSBasicsTest -->
        <test-method is-config="true" signature="tearDown()[pri:0, instance:org.company.IOS.IOSBasics@48075da3]" started-at="2024-03-03T23:20:23 EST" name="tearDown" finished-at="2024-03-03T23:20:23 EST" duration-ms="0" status="SKIP">
          <reporter-output>
          </reporter-output>
        </test-method> <!-- tearDown -->
        <test-method is-config="true" signature="tearDown()[pri:0, instance:org.company.IOS.IOSBasics@48075da3]" started-at="2024-03-03T23:20:23 EST" name="tearDown" finished-at="2024-03-03T23:20:23 EST" duration-ms="0" status="SKIP">
          <reporter-output>
          </reporter-output>
        </test-method> <!-- tearDown -->
      </class> <!-- org.company.IOS.IOSBasics -->
    </test> <!-- IOS Test -->
  </suite> <!-- Suite -->
</testng-results>
